Using pre-set license
Built from '2022.1/staging' branch; Version is '2022.1.16f1 (7321c9670bc2) revision 7545289'; Using compiler version '192829333'; Build Type 'Release'
OS: 'Windows 10  (10.0.19045) 64bit Education' Language: 'en' Physical Memory: 8117 MB
BatchMode: 1, IsHumanControllingUs: 0, StartBugReporterOnCrash: 0, Is64bit: 1, IsPro: 1

COMMAND LINE ARGUMENTS:
C:\Program Files\Unity 2022.1.16f1\Editor\Unity.exe
-adb2
-batchMode
-noUpm
-name
AssetImportWorker1
-projectPath
C:/Users/540606/Downloads/2D-RPG1--Full_Room-main
-logFile
Logs/AssetImportWorker1.log
-srvPort
49237
Successfully changed project path to: C:/Users/540606/Downloads/2D-RPG1--Full_Room-main
C:/Users/540606/Downloads/2D-RPG1--Full_Room-main
[UnityMemory] Configuration Parameters - Can be set up in boot.config
    "memorysetup-bucket-allocator-granularity=16"
    "memorysetup-bucket-allocator-bucket-count=8"
    "memorysetup-bucket-allocator-block-size=33554432"
    "memorysetup-bucket-allocator-block-count=8"
    "memorysetup-main-allocator-block-size=16777216"
    "memorysetup-thread-allocator-block-size=16777216"
    "memorysetup-gfx-main-allocator-block-size=16777216"
    "memorysetup-gfx-thread-allocator-block-size=16777216"
    "memorysetup-cache-allocator-block-size=4194304"
    "memorysetup-typetree-allocator-block-size=2097152"
    "memorysetup-profiler-bucket-allocator-granularity=16"
    "memorysetup-profiler-bucket-allocator-bucket-count=8"
    "memorysetup-profiler-bucket-allocator-block-size=33554432"
    "memorysetup-profiler-bucket-allocator-block-count=8"
    "memorysetup-profiler-allocator-block-size=16777216"
    "memorysetup-profiler-editor-allocator-block-size=1048576"
    "memorysetup-temp-allocator-size-main=16777216"
    "memorysetup-job-temp-allocator-block-size=2097152"
    "memorysetup-job-temp-allocator-block-size-background=1048576"
    "memorysetup-job-temp-allocator-reduction-small-platforms=262144"
    "memorysetup-temp-allocator-size-background-worker=32768"
    "memorysetup-temp-allocator-size-job-worker=262144"
    "memorysetup-temp-allocator-size-preload-manager=33554432"
    "memorysetup-temp-allocator-size-nav-mesh-worker=65536"
    "memorysetup-temp-allocator-size-audio-worker=65536"
    "memorysetup-temp-allocator-size-cloud-worker=32768"
    "memorysetup-temp-allocator-size-gi-baking-worker=262144"
    "memorysetup-temp-allocator-size-gfx=262144"
Refreshing native plugins compatible for Editor in 97.78 ms, found 3 plugins.
Preloading 0 native plugins for Editor in 0.00 ms.
Initialize engine version: 2022.1.16f1 (7321c9670bc2)
[Subsystems] Discovering subsystems at path C:/Program Files/Unity 2022.1.16f1/Editor/Data/Resources/UnitySubsystems
[Subsystems] Discovering subsystems at path C:/Users/540606/Downloads/2D-RPG1--Full_Room-main/Assets
GfxDevice: creating device client; threaded=0; jobified=0
Direct3D:
    Version:  Direct3D 11.0 [level 11.1]
    Renderer: NVIDIA GeForce GTX 1650 (ID=0x2188)
    Vendor:   NVIDIA
    VRAM:     3949 MB
    Driver:   31.0.15.3758
Initialize mono
Mono path[0] = 'C:/Program Files/Unity 2022.1.16f1/Editor/Data/Managed'
Mono path[1] = 'C:/Program Files/Unity 2022.1.16f1/Editor/Data/MonoBleedingEdge/lib/mono/unityjit-win32'
Mono config path = 'C:/Program Files/Unity 2022.1.16f1/Editor/Data/MonoBleedingEdge/etc'
Using monoOptions --debugger-agent=transport=dt_socket,embedding=1,server=y,suspend=n,address=127.0.0.1:56500
Begin MonoManager ReloadAssembly
Registering precompiled unity dll's ...
Register platform support module: C:/Program Files/Unity 2022.1.16f1/Editor/Data/PlaybackEngines/WebGLSupport/UnityEditor.WebGL.Extensions.dll
Register platform support module: C:/Program Files/Unity 2022.1.16f1/Editor/Data/PlaybackEngines/MacStandaloneSupport/UnityEditor.OSXStandalone.Extensions.dll
Register platform support module: C:/Program Files/Unity 2022.1.16f1/Editor/Data/PlaybackEngines/AndroidPlayer/UnityEditor.Android.Extensions.dll
Register platform support module: C:/Program Files/Unity 2022.1.16f1/Editor/Data/PlaybackEngines/iOSSupport/UnityEditor.iOS.Extensions.dll
Register platform support module: C:/Program Files/Unity 2022.1.16f1/Editor/Data/PlaybackEngines/AppleTVSupport/UnityEditor.AppleTV.Extensions.dll
Register platform support module: C:/Program Files/Unity 2022.1.16f1/Editor/Data/PlaybackEngines/WindowsStandaloneSupport/UnityEditor.WindowsStandalone.Extensions.dll
Register platform support module: C:/Program Files/Unity 2022.1.16f1/Editor/Data/PlaybackEngines/LinuxStandaloneSupport/UnityEditor.LinuxStandalone.Extensions.dll
Register platform support module: C:/Program Files/Unity 2022.1.16f1/Editor/Data/PlaybackEngines/MetroSupport/UnityEditor.UWP.Extensions.dll
Registered in 0.031587 seconds.
Native extension for UWP target not found
Native extension for LinuxStandalone target not found
Native extension for WindowsStandalone target not found
[usbmuxd] Start listen thread
[usbmuxd] Listen thread started
Native extension for AppleTV target not found
[usbmuxd] Start listen thread
[usbmuxd] Listen thread started
Native extension for iOS target not found
Native extension for Android target not found
Native extension for OSXStandalone target not found
Native extension for WebGL target not found
Refreshing native plugins compatible for Editor in 97.90 ms, found 3 plugins.
Preloading 0 native plugins for Editor in 0.00 ms.
Mono: successfully reloaded assembly
- Completed reload, in  1.100 seconds
Domain Reload Profiling:
	ReloadAssembly (1100ms)
		BeginReloadAssembly (257ms)
			ExecutionOrderSort (0ms)
			DisableScriptedObjects (0ms)
			BackupInstance (0ms)
			ReleaseScriptingObjects (0ms)
			CreateAndSetChildDomain (1ms)
		EndReloadAssembly (703ms)
			LoadAssemblies (260ms)
			RebuildTransferFunctionScriptingTraits (0ms)
			SetupTypeCache (137ms)
				TypeCache.Initialize (136ms)
					TypeCache.ScanAssembly (134ms)
				ResolveRequiredComponents (1ms)
			ReleaseScriptCaches (0ms)
			RebuildScriptCaches (30ms)
			SetupLoadedEditorAssemblies (465ms)
				LogAssemblyErrors (0ms)
				InitializePlatformSupportModulesInManaged (86ms)
				SetLoadedEditorAssemblies (8ms)
				RefreshPlugins (98ms)
				BeforeProcessingInitializeOnLoad (2ms)
				ProcessInitializeOnLoadAttributes (111ms)
				ProcessInitializeOnLoadMethodAttributes (161ms)
				AfterProcessingInitializeOnLoad (0ms)
				EditorAssembliesLoaded (0ms)
			ExecutionOrderSort2 (0ms)
			AwakeInstancesAfterBackupRestoration (0ms)
Platform modules already initialized, skipping
Registering precompiled user dll's ...
Registered in 0.028339 seconds.
Begin MonoManager ReloadAssembly
Symbol file LoadedFromMemory doesn't match image C:\Users\540606\Downloads\2D-RPG1--Full_Room-main\Library\PackageCache\com.unity.visualscripting@1.7.8\Editor\VisualScripting.Core\Dependencies\YamlDotNet\Unity.VisualScripting.YamlDotNet.dll
Symbol file LoadedFromMemory doesn't match image C:\Users\540606\Downloads\2D-RPG1--Full_Room-main\Library\PackageCache\com.unity.visualscripting@1.7.8\Editor\VisualScripting.Core\Dependencies\DotNetZip\Unity.VisualScripting.IonicZip.dll
Native extension for UWP target not found
Native extension for LinuxStandalone target not found
Native extension for WindowsStandalone target not found
Native extension for AppleTV target not found
Native extension for iOS target not found
Native extension for Android target not found
Native extension for OSXStandalone target not found
Native extension for WebGL target not found
Refreshing native plugins compatible for Editor in 1.09 ms, found 3 plugins.
Preloading 0 native plugins for Editor in 0.00 ms.
Mono: successfully reloaded assembly
- Completed reload, in  1.896 seconds
Domain Reload Profiling:
	ReloadAssembly (1898ms)
		BeginReloadAssembly (309ms)
			ExecutionOrderSort (0ms)
			DisableScriptedObjects (6ms)
			BackupInstance (0ms)
			ReleaseScriptingObjects (0ms)
			CreateAndSetChildDomain (30ms)
		EndReloadAssembly (1440ms)
			LoadAssemblies (380ms)
			RebuildTransferFunctionScriptingTraits (0ms)
			SetupTypeCache (284ms)
				TypeCache.Initialize (279ms)
					TypeCache.ScanAssembly (273ms)
				ResolveRequiredComponents (5ms)
			ReleaseScriptCaches (1ms)
			RebuildScriptCaches (69ms)
			SetupLoadedEditorAssemblies (788ms)
				LogAssemblyErrors (0ms)
				InitializePlatformSupportModulesInManaged (48ms)
				SetLoadedEditorAssemblies (7ms)
				RefreshPlugins (1ms)
				BeforeProcessingInitializeOnLoad (110ms)
				ProcessInitializeOnLoadAttributes (325ms)
				ProcessInitializeOnLoadMethodAttributes (280ms)
				AfterProcessingInitializeOnLoad (16ms)
				EditorAssembliesLoaded (0ms)
			ExecutionOrderSort2 (0ms)
			AwakeInstancesAfterBackupRestoration (7ms)
Platform modules already initialized, skipping
========================================================================
Worker process is ready to serve import requests
Launched and connected shader compiler UnityShaderCompiler.exe after 0.13 seconds
Refreshing native plugins compatible for Editor in 1.09 ms, found 3 plugins.
Preloading 0 native plugins for Editor in 0.00 ms.
Unloading 3583 Unused Serialized files (Serialized files now loaded: 0)
Unloading 43 unused Assets / (131.5 KB). Loaded Objects now: 4046.
Memory consumption went from 0.54 GB to 0.54 GB.
Total: 5.791300 ms (FindLiveObjects: 0.428700 ms CreateObjectMapping: 0.097600 ms MarkObjects: 4.330800 ms  DeleteObjects: 0.932500 ms)

AssetImportParameters requested are different than current active one (requested -> active):
  custom:video-decoder-ogg-theora: a1e56fd34408186e4bbccfd4996cb3dc -> 
  custom:container-muxer-webm: aa71ff27fc2769a1b78a27578f13a17b -> 
  custom:container-demuxer-webm: 4f35f7cbe854078d1ac9338744f61a02 -> 
  custom:video-encoder-webm-vp8: eb34c28f22e8b96e1ab97ce403110664 -> 
  custom:audio-encoder-webm-vorbis: bf7c407c2cedff20999df2af8eb42d56 -> 
  custom:framework-win-MediaFoundation: 216162199b28c13a410421893ffa2e32 -> 
  custom:container-demuxer-ogg: 62fdf1f143b41e24485cea50d1cbac27 -> 
  custom:video-decoder-webm-vp8: 9c59270c3fd7afecdb556c50c9e8de78 -> 
  custom:audio-decoder-ogg-vorbis: bf7c407c2cedff20999df2af8eb42d56 -> 
========================================================================
Received Import Request.
  Time since last request: 1123595.805508 seconds.
  path: Assets/Scenes/SampleScene.unity
  artifactKey: Guid(2cda990e2423bbf4892e6590ba056729) Importer(815301076,1909f56bfc062723c751e8b465ee728b)
Start importing Assets/Scenes/SampleScene.unity using Guid(2cda990e2423bbf4892e6590ba056729) Importer(815301076,1909f56bfc062723c751e8b465ee728b)  -> (artifact id: '0de1489421613b018d2f19eb8a5a9d07') in 0.017310 seconds 
========================================================================
Received Prepare
Registering precompiled user dll's ...
Registered in 0.008993 seconds.
Begin MonoManager ReloadAssembly
Symbol file LoadedFromMemory doesn't match image C:\Users\540606\Downloads\2D-RPG1--Full_Room-main\Library\PackageCache\com.unity.visualscripting@1.7.8\Editor\VisualScripting.Core\Dependencies\YamlDotNet\Unity.VisualScripting.YamlDotNet.dll
Symbol file LoadedFromMemory doesn't match image C:\Users\540606\Downloads\2D-RPG1--Full_Room-main\Library\PackageCache\com.unity.visualscripting@1.7.8\Editor\VisualScripting.Core\Dependencies\DotNetZip\Unity.VisualScripting.IonicZip.dll
Native extension for UWP target not found
Native extension for LinuxStandalone target not found
Native extension for WindowsStandalone target not found
Native extension for AppleTV target not found
Native extension for iOS target not found
Native extension for Android target not found
Native extension for OSXStandalone target not found
Native extension for WebGL target not found
Refreshing native plugins compatible for Editor in 0.66 ms, found 3 plugins.
Preloading 0 native plugins for Editor in 0.00 ms.
Mono: successfully reloaded assembly
- Completed reload, in  1.037 seconds
Domain Reload Profiling:
	ReloadAssembly (1037ms)
		BeginReloadAssembly (180ms)
			ExecutionOrderSort (0ms)
			DisableScriptedObjects (5ms)
			BackupInstance (0ms)
			ReleaseScriptingObjects (0ms)
			CreateAndSetChildDomain (39ms)
		EndReloadAssembly (759ms)
			LoadAssemblies (139ms)
			RebuildTransferFunctionScriptingTraits (0ms)
			SetupTypeCache (210ms)
				TypeCache.Initialize (206ms)
					TypeCache.ScanAssembly (200ms)
				ResolveRequiredComponents (5ms)
			ReleaseScriptCaches (1ms)
			RebuildScriptCaches (41ms)
			SetupLoadedEditorAssemblies (368ms)
				LogAssemblyErrors (0ms)
				InitializePlatformSupportModulesInManaged (40ms)
				SetLoadedEditorAssemblies (6ms)
				RefreshPlugins (1ms)
				BeforeProcessingInitializeOnLoad (69ms)
				ProcessInitializeOnLoadAttributes (208ms)
				ProcessInitializeOnLoadMethodAttributes (29ms)
				AfterProcessingInitializeOnLoad (17ms)
				EditorAssembliesLoaded (0ms)
			ExecutionOrderSort2 (0ms)
			AwakeInstancesAfterBackupRestoration (6ms)
Platform modules already initialized, skipping
Refreshing native plugins compatible for Editor in 2.34 ms, found 3 plugins.
Preloading 0 native plugins for Editor in 0.00 ms.
Unloading 3591 Unused Serialized files (Serialized files now loaded: 0)
Unloading 33 unused Assets / (0.8 MB). Loaded Objects now: 4062.
Memory consumption went from 0.54 GB to 0.54 GB.
Total: 3.420200 ms (FindLiveObjects: 0.328800 ms CreateObjectMapping: 0.085100 ms MarkObjects: 2.638700 ms  DeleteObjects: 0.366500 ms)

AssetImportParameters requested are different than current active one (requested -> active):
  custom:video-decoder-ogg-theora: a1e56fd34408186e4bbccfd4996cb3dc -> 
  custom:container-muxer-webm: aa71ff27fc2769a1b78a27578f13a17b -> 
  custom:container-demuxer-webm: 4f35f7cbe854078d1ac9338744f61a02 -> 
  custom:video-encoder-webm-vp8: eb34c28f22e8b96e1ab97ce403110664 -> 
  custom:audio-encoder-webm-vorbis: bf7c407c2cedff20999df2af8eb42d56 -> 
  custom:framework-win-MediaFoundation: 216162199b28c13a410421893ffa2e32 -> 
  custom:container-demuxer-ogg: 62fdf1f143b41e24485cea50d1cbac27 -> 
  custom:video-decoder-webm-vp8: 9c59270c3fd7afecdb556c50c9e8de78 -> 
  custom:audio-decoder-ogg-vorbis: bf7c407c2cedff20999df2af8eb42d56 -> 
========================================================================
Received Prepare
Registering precompiled user dll's ...
Registered in 0.010184 seconds.
Begin MonoManager ReloadAssembly
Symbol file LoadedFromMemory doesn't match image C:\Users\540606\Downloads\2D-RPG1--Full_Room-main\Library\PackageCache\com.unity.visualscripting@1.7.8\Editor\VisualScripting.Core\Dependencies\YamlDotNet\Unity.VisualScripting.YamlDotNet.dll
Symbol file LoadedFromMemory doesn't match image C:\Users\540606\Downloads\2D-RPG1--Full_Room-main\Library\PackageCache\com.unity.visualscripting@1.7.8\Editor\VisualScripting.Core\Dependencies\DotNetZip\Unity.VisualScripting.IonicZip.dll
Native extension for UWP target not found
Native extension for LinuxStandalone target not found
Native extension for WindowsStandalone target not found
Native extension for AppleTV target not found
Native extension for iOS target not found
Native extension for Android target not found
Native extension for OSXStandalone target not found
Native extension for WebGL target not found
Refreshing native plugins compatible for Editor in 0.82 ms, found 3 plugins.
Preloading 0 native plugins for Editor in 0.00 ms.
Mono: successfully reloaded assembly
- Completed reload, in  1.019 seconds
Domain Reload Profiling:
	ReloadAssembly (1019ms)
		BeginReloadAssembly (144ms)
			ExecutionOrderSort (0ms)
			DisableScriptedObjects (6ms)
			BackupInstance (0ms)
			ReleaseScriptingObjects (0ms)
			CreateAndSetChildDomain (35ms)
		EndReloadAssembly (770ms)
			LoadAssemblies (104ms)
			RebuildTransferFunctionScriptingTraits (0ms)
			SetupTypeCache (210ms)
				TypeCache.Initialize (205ms)
					TypeCache.ScanAssembly (200ms)
				ResolveRequiredComponents (4ms)
			ReleaseScriptCaches (2ms)
			RebuildScriptCaches (39ms)
			SetupLoadedEditorAssemblies (384ms)
				LogAssemblyErrors (0ms)
				InitializePlatformSupportModulesInManaged (39ms)
				SetLoadedEditorAssemblies (6ms)
				RefreshPlugins (1ms)
				BeforeProcessingInitializeOnLoad (69ms)
				ProcessInitializeOnLoadAttributes (227ms)
				ProcessInitializeOnLoadMethodAttributes (30ms)
				AfterProcessingInitializeOnLoad (11ms)
				EditorAssembliesLoaded (0ms)
			ExecutionOrderSort2 (0ms)
			AwakeInstancesAfterBackupRestoration (6ms)
Platform modules already initialized, skipping
Refreshing native plugins compatible for Editor in 3.04 ms, found 3 plugins.
Preloading 0 native plugins for Editor in 0.00 ms.
Unloading 3592 Unused Serialized files (Serialized files now loaded: 0)
Unloading 33 unused Assets / (0.8 MB). Loaded Objects now: 4077.
Memory consumption went from 0.54 GB to 0.54 GB.
Total: 3.903500 ms (FindLiveObjects: 0.382400 ms CreateObjectMapping: 0.095800 ms MarkObjects: 3.015000 ms  DeleteObjects: 0.409100 ms)

AssetImportParameters requested are different than current active one (requested -> active):
  custom:video-decoder-ogg-theora: a1e56fd34408186e4bbccfd4996cb3dc -> 
  custom:container-muxer-webm: aa71ff27fc2769a1b78a27578f13a17b -> 
  custom:container-demuxer-webm: 4f35f7cbe854078d1ac9338744f61a02 -> 
  custom:video-encoder-webm-vp8: eb34c28f22e8b96e1ab97ce403110664 -> 
  custom:audio-encoder-webm-vorbis: bf7c407c2cedff20999df2af8eb42d56 -> 
  custom:framework-win-MediaFoundation: 216162199b28c13a410421893ffa2e32 -> 
  custom:container-demuxer-ogg: 62fdf1f143b41e24485cea50d1cbac27 -> 
  custom:video-decoder-webm-vp8: 9c59270c3fd7afecdb556c50c9e8de78 -> 
  custom:audio-decoder-ogg-vorbis: bf7c407c2cedff20999df2af8eb42d56 -> 
========================================================================
Received Import Request.
  Time since last request: 383.634432 seconds.
  path: Assets/TextMesh Pro/Resources/Fonts & Materials/LiberationSans SDF - Drop Shadow.mat
  artifactKey: Guid(e73a58f6e2794ae7b1b7e50b7fb811b0) Importer(815301076,1909f56bfc062723c751e8b465ee728b)
Start importing Assets/TextMesh Pro/Resources/Fonts & Materials/LiberationSans SDF - Drop Shadow.mat using Guid(e73a58f6e2794ae7b1b7e50b7fb811b0) Importer(815301076,1909f56bfc062723c751e8b465ee728b)  -> (artifact id: '84e4fb22b9582a569ff670f53cf1be5b') in 38.801753 seconds 
========================================================================
Received Import Request.
  Time since last request: 0.000069 seconds.
  path: Assets/TextMesh Pro/Resources/Fonts & Materials/LiberationSans SDF - Fallback.asset
  artifactKey: Guid(2e498d1c8094910479dc3e1b768306a4) Importer(815301076,1909f56bfc062723c751e8b465ee728b)
Start importing Assets/TextMesh Pro/Resources/Fonts & Materials/LiberationSans SDF - Fallback.asset using Guid(2e498d1c8094910479dc3e1b768306a4) Importer(815301076,1909f56bfc062723c751e8b465ee728b)  -> (artifact id: '8200f1478ff6eb403e6303b29f1ade71') in 0.702870 seconds 
========================================================================
Received Import Request.
  Time since last request: 524.114893 seconds.
  path: Assets/HeroandOpponents_v1/attack, idle, run.psd
  artifactKey: Guid(48a116062fe87db4394d140f9cb75875) Importer(815301076,1909f56bfc062723c751e8b465ee728b)
Start importing Assets/HeroandOpponents_v1/attack, idle, run.psd using Guid(48a116062fe87db4394d140f9cb75875) Importer(815301076,1909f56bfc062723c751e8b465ee728b)  -> (artifact id: '1791c4c9f940884048b2465b2a0b8e40') in 0.056364 seconds 
========================================================================
Received Import Request.
  Time since last request: 0.026711 seconds.
  path: Assets/HeroandOpponents_v1/attack, idle, walk.psd
  artifactKey: Guid(978026e25ab7bd34eb22d4073f4c3b30) Importer(815301076,1909f56bfc062723c751e8b465ee728b)
Start importing Assets/HeroandOpponents_v1/attack, idle, walk.psd using Guid(978026e25ab7bd34eb22d4073f4c3b30) Importer(815301076,1909f56bfc062723c751e8b465ee728b)  -> (artifact id: '962956d0b1cbf740a45ad1c6f709a737') in 0.028550 seconds 
========================================================================
Received Import Request.
  Time since last request: 0.000027 seconds.
  path: Assets/HeroandOpponents_v1/attack-A5.png
  artifactKey: Guid(c9128a7b0ed154f428a11e4cb76b262d) Importer(815301076,1909f56bfc062723c751e8b465ee728b)
Start importing Assets/HeroandOpponents_v1/attack-A5.png using Guid(c9128a7b0ed154f428a11e4cb76b262d) Importer(815301076,1909f56bfc062723c751e8b465ee728b)  -> (artifact id: '1e10080118db002d60dcd2135f04323c') in 0.031075 seconds 
========================================================================
Received Import Request.
  Time since last request: 0.000027 seconds.
  path: Assets/HeroandOpponents_v1/attack-A3.png
  artifactKey: Guid(ab918954f4a450b4da2f561983d685e5) Importer(815301076,1909f56bfc062723c751e8b465ee728b)
Start importing Assets/HeroandOpponents_v1/attack-A3.png using Guid(ab918954f4a450b4da2f561983d685e5) Importer(815301076,1909f56bfc062723c751e8b465ee728b)  -> (artifact id: '1d7b97ed30dddb84ef05783e84f59d0a') in 0.023456 seconds 
========================================================================
Received Import Request.
  Time since last request: 0.000036 seconds.
  path: Assets/HeroandOpponents_v1/attack-A10.png
  artifactKey: Guid(1953100aa9e02c54da01931e3378d3a3) Importer(815301076,1909f56bfc062723c751e8b465ee728b)
Start importing Assets/HeroandOpponents_v1/attack-A10.png using Guid(1953100aa9e02c54da01931e3378d3a3) Importer(815301076,1909f56bfc062723c751e8b465ee728b)  -> (artifact id: '4400ba80b342e944d39741e329109398') in 0.026047 seconds 
========================================================================
Received Import Request.
  Time since last request: 0.000023 seconds.
  path: Assets/HeroandOpponents_v1/attack-B3.png
  artifactKey: Guid(71d8d60acdc1c204b8fad3693b68f359) Importer(815301076,1909f56bfc062723c751e8b465ee728b)
Start importing Assets/HeroandOpponents_v1/attack-B3.png using Guid(71d8d60acdc1c204b8fad3693b68f359) Importer(815301076,1909f56bfc062723c751e8b465ee728b)  -> (artifact id: '9120b98a98998686c8996a35379dabc8') in 0.022108 seconds 
========================================================================
Received Import Request.
  Time since last request: 0.000030 seconds.
  path: Assets/HeroandOpponents_v1/attack-A11.png
  artifactKey: Guid(efce0261eec9c6044b84e6e619f005d5) Importer(815301076,1909f56bfc062723c751e8b465ee728b)
Start importing Assets/HeroandOpponents_v1/attack-A11.png using Guid(efce0261eec9c6044b84e6e619f005d5) Importer(815301076,1909f56bfc062723c751e8b465ee728b)  -> (artifact id: '476529764a5be534ae65d0bdc4a4b9b6') in 0.023643 seconds 
========================================================================
Received Import Request.
  Time since last request: 0.000030 seconds.
  path: Assets/HeroandOpponents_v1/attack-B11.png
  artifactKey: Guid(6101db212ac0b7142b486dd59ac521b0) Importer(815301076,1909f56bfc062723c751e8b465ee728b)
Start importing Assets/HeroandOpponents_v1/attack-B11.png using Guid(6101db212ac0b7142b486dd59ac521b0) Importer(815301076,1909f56bfc062723c751e8b465ee728b)  -> (artifact id: 'dce5094957a66b8b4c6014f4ffb489b4') in 0.023551 seconds 
========================================================================
Received Import Request.
  Time since last request: 0.000041 seconds.
  path: Assets/HeroandOpponents_v1/attack-C3.png
  artifactKey: Guid(17d7f705653602744a25095900eb38f2) Importer(815301076,1909f56bfc062723c751e8b465ee728b)
Start importing Assets/HeroandOpponents_v1/attack-C3.png using Guid(17d7f705653602744a25095900eb38f2) Importer(815301076,1909f56bfc062723c751e8b465ee728b)  -> (artifact id: '9010949adbd9cba4a5e79667e2fcd5c2') in 0.023689 seconds 
========================================================================
Received Import Request.
  Time since last request: 0.000030 seconds.
  path: Assets/HeroandOpponents_v1/attack-C6.png
  artifactKey: Guid(33945eede12059d4d9330956a60f6a4b) Importer(815301076,1909f56bfc062723c751e8b465ee728b)
Start importing Assets/HeroandOpponents_v1/attack-C6.png using Guid(33945eede12059d4d9330956a60f6a4b) Importer(815301076,1909f56bfc062723c751e8b465ee728b)  -> (artifact id: '8d163c74c20b548f033d1724a099cbbe') in 0.021907 seconds 
========================================================================
Received Import Request.
  Time since last request: 0.000027 seconds.
  path: Assets/HeroandOpponents_v1/attack-D1.png
  artifactKey: Guid(d6ae4b4cf7b688445ae623bc9df84039) Importer(815301076,1909f56bfc062723c751e8b465ee728b)
Start importing Assets/HeroandOpponents_v1/attack-D1.png using Guid(d6ae4b4cf7b688445ae623bc9df84039) Importer(815301076,1909f56bfc062723c751e8b465ee728b)  -> (artifact id: '5de9ddc71b5c32f6c8b164b2ad907313') in 0.020059 seconds 
========================================================================
Received Import Request.
  Time since last request: 0.000028 seconds.
  path: Assets/HeroandOpponents_v1/attack-D2.png
  artifactKey: Guid(bdb66fed42f6f8e47a7828521cb73748) Importer(815301076,1909f56bfc062723c751e8b465ee728b)
Start importing Assets/HeroandOpponents_v1/attack-D2.png using Guid(bdb66fed42f6f8e47a7828521cb73748) Importer(815301076,1909f56bfc062723c751e8b465ee728b)  -> (artifact id: '9f096643895546c3ba187846e77aefa0') in 0.024416 seconds 
========================================================================
Received Import Request.
  Time since last request: 0.000036 seconds.
  path: Assets/HeroandOpponents_v1/attack-D8.png
  artifactKey: Guid(3b9c7e97adcc70445bfc7a488b661e11) Importer(815301076,1909f56bfc062723c751e8b465ee728b)
Start importing Assets/HeroandOpponents_v1/attack-D8.png using Guid(3b9c7e97adcc70445bfc7a488b661e11) Importer(815301076,1909f56bfc062723c751e8b465ee728b)  -> (artifact id: '44b4362d31ab63f2bc1560da19367af5') in 0.024279 seconds 
========================================================================
Received Import Request.
  Time since last request: 0.000031 seconds.
  path: Assets/HeroandOpponents_v1/attack-D9.png
  artifactKey: Guid(e75c8717f03959d4a88bf4b945d9c994) Importer(815301076,1909f56bfc062723c751e8b465ee728b)
Start importing Assets/HeroandOpponents_v1/attack-D9.png using Guid(e75c8717f03959d4a88bf4b945d9c994) Importer(815301076,1909f56bfc062723c751e8b465ee728b)  -> (artifact id: 'bc4ddedb56566eeb287d382c2ce235e8') in 0.022030 seconds 
========================================================================
Received Import Request.
  Time since last request: 0.000023 seconds.
  path: Assets/HeroandOpponents_v1/climb-1.png
  artifactKey: Guid(eb5f1fa6178c9d641b8823dd98e96b1d) Importer(815301076,1909f56bfc062723c751e8b465ee728b)
Start importing Assets/HeroandOpponents_v1/climb-1.png using Guid(eb5f1fa6178c9d641b8823dd98e96b1d) Importer(815301076,1909f56bfc062723c751e8b465ee728b)  -> (artifact id: '48cc4ae6e5a455b90f6eb5214fcc60c6') in 0.023531 seconds 
========================================================================
Received Import Request.
  Time since last request: 0.000030 seconds.
  path: Assets/HeroandOpponents_v1/climb.psd
  artifactKey: Guid(09a33b1e05bf9db46a2c7c53baf18649) Importer(815301076,1909f56bfc062723c751e8b465ee728b)
Start importing Assets/HeroandOpponents_v1/climb.psd using Guid(09a33b1e05bf9db46a2c7c53baf18649) Importer(815301076,1909f56bfc062723c751e8b465ee728b)  -> (artifact id: '26abb41e4e11b299749de56b13c42a3b') in 0.022628 seconds 
========================================================================
Received Import Request.
  Time since last request: 0.000030 seconds.
  path: Assets/HeroandOpponents_v1/climb-7.png
  artifactKey: Guid(1b1a2c873354c4649912e3dbead6ae0a) Importer(815301076,1909f56bfc062723c751e8b465ee728b)
Start importing Assets/HeroandOpponents_v1/climb-7.png using Guid(1b1a2c873354c4649912e3dbead6ae0a) Importer(815301076,1909f56bfc062723c751e8b465ee728b)  -> (artifact id: 'd59097cfcde26c9a5c9420daa6c1c728') in 0.023886 seconds 
========================================================================
Received Import Request.
  Time since last request: 0.000032 seconds.
  path: Assets/HeroandOpponents_v1/climb-5.png
  artifactKey: Guid(8be705235512b274db91a59c1b466962) Importer(815301076,1909f56bfc062723c751e8b465ee728b)
Start importing Assets/HeroandOpponents_v1/climb-5.png using Guid(8be705235512b274db91a59c1b466962) Importer(815301076,1909f56bfc062723c751e8b465ee728b)  -> (artifact id: '84bd0836d30a8d5f7eff1246d2555a0e') in 0.031175 seconds 
========================================================================
Received Import Request.
  Time since last request: 0.000022 seconds.
  path: Assets/HeroandOpponents_v1/climb-14.png
  artifactKey: Guid(d0f17de409d9cb74ea4ba073da09b9de) Importer(815301076,1909f56bfc062723c751e8b465ee728b)
Start importing Assets/HeroandOpponents_v1/climb-14.png using Guid(d0f17de409d9cb74ea4ba073da09b9de) Importer(815301076,1909f56bfc062723c751e8b465ee728b)  -> (artifact id: '69e27bdd978dba18bbf390673f4079ad') in 0.024470 seconds 
========================================================================
Received Import Request.
  Time since last request: 0.000029 seconds.
  path: Assets/HeroandOpponents_v1/climb-10.png
  artifactKey: Guid(a768167f58712124097a7adc7e2ec247) Importer(815301076,1909f56bfc062723c751e8b465ee728b)
Start importing Assets/HeroandOpponents_v1/climb-10.png using Guid(a768167f58712124097a7adc7e2ec247) Importer(815301076,1909f56bfc062723c751e8b465ee728b)  -> (artifact id: '224b6d06da0a439cdc8f42775e77e8d4') in 0.030507 seconds 
========================================================================
Received Import Request.
  Time since last request: 0.000030 seconds.
  path: Assets/HeroandOpponents_v1/attack-B2.png
  artifactKey: Guid(b0ba716ea8d43084c9dd154f8cb2c2ef) Importer(815301076,1909f56bfc062723c751e8b465ee728b)
Start importing Assets/HeroandOpponents_v1/attack-B2.png using Guid(b0ba716ea8d43084c9dd154f8cb2c2ef) Importer(815301076,1909f56bfc062723c751e8b465ee728b)  -> (artifact id: '0ea6cd39c6cc6809d32f508b0c27591d') in 0.031799 seconds 
========================================================================
Received Import Request.
  Time since last request: 0.000025 seconds.
  path: Assets/HeroandOpponents_v1/climb-6.png
  artifactKey: Guid(6c82c117c7183044ebc72c8b114b833e) Importer(815301076,1909f56bfc062723c751e8b465ee728b)
Start importing Assets/HeroandOpponents_v1/climb-6.png using Guid(6c82c117c7183044ebc72c8b114b833e) Importer(815301076,1909f56bfc062723c751e8b465ee728b)  -> (artifact id: '831a91c17e1cdbaf31311be997a2c235') in 0.021850 seconds 
========================================================================
Received Import Request.
  Time since last request: 0.000041 seconds.
  path: Assets/HeroandOpponents_v1/climb-8.png
  artifactKey: Guid(c5ddc4d54f88a7d4abf90b5b5f4ff384) Importer(815301076,1909f56bfc062723c751e8b465ee728b)
Start importing Assets/HeroandOpponents_v1/climb-8.png using Guid(c5ddc4d54f88a7d4abf90b5b5f4ff384) Importer(815301076,1909f56bfc062723c751e8b465ee728b)  -> (artifact id: '4ebb604b61ecda028cc49cf69120808e') in 0.021535 seconds 
========================================================================
Received Import Request.
  Time since last request: 0.000023 seconds.
  path: Assets/HeroandOpponents_v1/attack-D3.png
  artifactKey: Guid(01401751943b3ac4e94e3aad40334835) Importer(815301076,1909f56bfc062723c751e8b465ee728b)
Start importing Assets/HeroandOpponents_v1/attack-D3.png using Guid(01401751943b3ac4e94e3aad40334835) Importer(815301076,1909f56bfc062723c751e8b465ee728b)  -> (artifact id: '1b9d5e1dd3eb1d72f523c1ee1e78d38c') in 0.023987 seconds 
========================================================================
Received Import Request.
  Time since last request: 0.000033 seconds.
  path: Assets/HeroandOpponents_v1/attack-D6.png
  artifactKey: Guid(43d9152c8c201144ead146fa2c612400) Importer(815301076,1909f56bfc062723c751e8b465ee728b)
Start importing Assets/HeroandOpponents_v1/attack-D6.png using Guid(43d9152c8c201144ead146fa2c612400) Importer(815301076,1909f56bfc062723c751e8b465ee728b)  -> (artifact id: 'ef8f89661d7b99885351108bb9bf6cea') in 0.024100 seconds 
========================================================================
Received Import Request.
  Time since last request: 0.000032 seconds.
  path: Assets/HeroandOpponents_v1/attack-C5.png
  artifactKey: Guid(09b14e2ea254fec40812f96ae6ef3736) Importer(815301076,1909f56bfc062723c751e8b465ee728b)
Start importing Assets/HeroandOpponents_v1/attack-C5.png using Guid(09b14e2ea254fec40812f96ae6ef3736) Importer(815301076,1909f56bfc062723c751e8b465ee728b)  -> (artifact id: 'c8013d7dbd8b96c42f9c0e458b8fdda5') in 0.023451 seconds 
========================================================================
Received Import Request.
  Time since last request: 0.000036 seconds.
  path: Assets/HeroandOpponents_v1/attack-B8.png
  artifactKey: Guid(db2d1dda5dbb35545907288e7acd21df) Importer(815301076,1909f56bfc062723c751e8b465ee728b)
Start importing Assets/HeroandOpponents_v1/attack-B8.png using Guid(db2d1dda5dbb35545907288e7acd21df) Importer(815301076,1909f56bfc062723c751e8b465ee728b)  -> (artifact id: 'bbb9f590446ce02d5ebfa0e654b1beb2') in 0.022534 seconds 
========================================================================
Received Import Request.
  Time since last request: 0.000028 seconds.
  path: Assets/HeroandOpponents_v1/attack-B1.png
  artifactKey: Guid(85b585cc09214704abc3798e8d03603b) Importer(815301076,1909f56bfc062723c751e8b465ee728b)
Start importing Assets/HeroandOpponents_v1/attack-B1.png using Guid(85b585cc09214704abc3798e8d03603b) Importer(815301076,1909f56bfc062723c751e8b465ee728b)  -> (artifact id: '8e5330f26f752083b06de4a0c3866afc') in 0.023722 seconds 
========================================================================
Received Import Request.
  Time since last request: 0.000038 seconds.
  path: Assets/HeroandOpponents_v1/attacks.psd
  artifactKey: Guid(56bd408d9e2eac243881079942e663a0) Importer(815301076,1909f56bfc062723c751e8b465ee728b)
Start importing Assets/HeroandOpponents_v1/attacks.psd using Guid(56bd408d9e2eac243881079942e663a0) Importer(815301076,1909f56bfc062723c751e8b465ee728b)  -> (artifact id: '62081425c04464578a74246abd3cf143') in 0.021240 seconds 
========================================================================
Received Import Request.
  Time since last request: 0.000033 seconds.
  path: Assets/HeroandOpponents_v1/attack-A7.png
  artifactKey: Guid(392ad78143bb1924ebdbcc8a9b5e4bcb) Importer(815301076,1909f56bfc062723c751e8b465ee728b)
Start importing Assets/HeroandOpponents_v1/attack-A7.png using Guid(392ad78143bb1924ebdbcc8a9b5e4bcb) Importer(815301076,1909f56bfc062723c751e8b465ee728b)  -> (artifact id: 'bc5fb62ee811ba1730bb99d7e22e28b6') in 0.024127 seconds 
========================================================================
Received Import Request.
  Time since last request: 10.913294 seconds.
  path: Assets/caverns-files-web/Caverns-preview.jpg
  artifactKey: Guid(89c8d3d9a072c704086ba3994ff9c7b2) Importer(815301076,1909f56bfc062723c751e8b465ee728b)
Start importing Assets/caverns-files-web/Caverns-preview.jpg using Guid(89c8d3d9a072c704086ba3994ff9c7b2) Importer(815301076,1909f56bfc062723c751e8b465ee728b)  -> (artifact id: 'dcbd237e115dfd247055d283944c5c68') in 0.038559 seconds 
========================================================================
Received Import Request.
  Time since last request: 5.397633 seconds.
  path: Assets/Assets/Raw and SpriteSheets/Black2x.png
  artifactKey: Guid(13e8ba67342044f4590ac6cd9dc47aa5) Importer(815301076,1909f56bfc062723c751e8b465ee728b)
Start importing Assets/Assets/Raw and SpriteSheets/Black2x.png using Guid(13e8ba67342044f4590ac6cd9dc47aa5) Importer(815301076,1909f56bfc062723c751e8b465ee728b)  -> (artifact id: 'de13eb369f70b1982846ac75c227c847') in 0.081493 seconds 
========================================================================
Received Import Request.
  Time since last request: 0.000040 seconds.
  path: Assets/Assets/Raw and SpriteSheets/White1x.png
  artifactKey: Guid(39593ca37478df14e8e229aa2a036999) Importer(815301076,1909f56bfc062723c751e8b465ee728b)
Start importing Assets/Assets/Raw and SpriteSheets/White1x.png using Guid(39593ca37478df14e8e229aa2a036999) Importer(815301076,1909f56bfc062723c751e8b465ee728b)  -> (artifact id: '6ecb0ac2c31313ba00888b37255e60e3') in 0.047946 seconds 
========================================================================
Received Import Request.
  Time since last request: 7.494645 seconds.
  path: Assets/Assets/UI Elements/White/1x/BUtton 1.png
  artifactKey: Guid(c33c6ae4ffbbdc8439f47c9811ec4064) Importer(815301076,1909f56bfc062723c751e8b465ee728b)
Start importing Assets/Assets/UI Elements/White/1x/BUtton 1.png using Guid(c33c6ae4ffbbdc8439f47c9811ec4064) Importer(815301076,1909f56bfc062723c751e8b465ee728b)  -> (artifact id: '744c4fb0d86dc4949f6a09bd81fca254') in 0.109790 seconds 
========================================================================
Received Import Request.
  Time since last request: 0.000021 seconds.
  path: Assets/Assets/UI Elements/White/1x/gamepad2.png
  artifactKey: Guid(5554ca8c7be720f418a6615961c299a3) Importer(815301076,1909f56bfc062723c751e8b465ee728b)
Start importing Assets/Assets/UI Elements/White/1x/gamepad2.png using Guid(5554ca8c7be720f418a6615961c299a3) Importer(815301076,1909f56bfc062723c751e8b465ee728b)  -> (artifact id: '1b9a8a11176089818265c48371bde360') in 0.019303 seconds 
========================================================================
Received Import Request.
  Time since last request: 0.000024 seconds.
  path: Assets/Assets/UI Elements/White/1x/BUtton 3.png
  artifactKey: Guid(4b8ac79055b2af4408f7a8ffd3b7610d) Importer(815301076,1909f56bfc062723c751e8b465ee728b)
Start importing Assets/Assets/UI Elements/White/1x/BUtton 3.png using Guid(4b8ac79055b2af4408f7a8ffd3b7610d) Importer(815301076,1909f56bfc062723c751e8b465ee728b)  -> (artifact id: 'ee24b31274284f8b5d4a8ac1acbed5d5') in 0.421550 seconds 
========================================================================
Received Import Request.
  Time since last request: 0.000030 seconds.
  path: Assets/Assets/UI Elements/White/1x/unlock.png
  artifactKey: Guid(9dde89aa890342541a7eab6fe3af8187) Importer(815301076,1909f56bfc062723c751e8b465ee728b)
Start importing Assets/Assets/UI Elements/White/1x/unlock.png using Guid(9dde89aa890342541a7eab6fe3af8187) Importer(815301076,1909f56bfc062723c751e8b465ee728b)  -> (artifact id: 'cd6cf988197f188e746d93e0602f9c97') in 0.259643 seconds 
========================================================================
Received Import Request.
  Time since last request: 0.000032 seconds.
  path: Assets/Assets/UI Elements/White/1x/settings.png
  artifactKey: Guid(ec785febb56d8bb469dd6cb6235ebcd2) Importer(815301076,1909f56bfc062723c751e8b465ee728b)
Start importing Assets/Assets/UI Elements/White/1x/settings.png using Guid(ec785febb56d8bb469dd6cb6235ebcd2) Importer(815301076,1909f56bfc062723c751e8b465ee728b)  -> (artifact id: '98a42cb33fe4fc6f7d9cb5df79ff900a') in 0.184797 seconds 
========================================================================
Received Import Request.
  Time since last request: 0.000021 seconds.
  path: Assets/Assets/UI Elements/White/2x/mic off.png
  artifactKey: Guid(521a762d11c6bad42ac3d97f1a735416) Importer(815301076,1909f56bfc062723c751e8b465ee728b)
Start importing Assets/Assets/UI Elements/White/2x/mic off.png using Guid(521a762d11c6bad42ac3d97f1a735416) Importer(815301076,1909f56bfc062723c751e8b465ee728b)  -> (artifact id: '5ab27c2f99cf95e09706a9746322487a') in 0.019298 seconds 
========================================================================
Received Import Request.
  Time since last request: 0.000033 seconds.
  path: Assets/Assets/UI Elements/White/2x/hamburger icon.png
  artifactKey: Guid(e4087c1d315eaf04394c8ae915a7eef6) Importer(815301076,1909f56bfc062723c751e8b465ee728b)
Start importing Assets/Assets/UI Elements/White/2x/hamburger icon.png using Guid(e4087c1d315eaf04394c8ae915a7eef6) Importer(815301076,1909f56bfc062723c751e8b465ee728b)  -> (artifact id: 'aedf9b8baceb07444f7f26b5ebd97beb') in 0.183093 seconds 
========================================================================
Received Import Request.
  Time since last request: 0.000033 seconds.
  path: Assets/Assets/UI Elements/White/2x/settings.png
  artifactKey: Guid(90f67b789c9f7b44eac70357e4a0d534) Importer(815301076,1909f56bfc062723c751e8b465ee728b)
Start importing Assets/Assets/UI Elements/White/2x/settings.png using Guid(90f67b789c9f7b44eac70357e4a0d534) Importer(815301076,1909f56bfc062723c751e8b465ee728b)  -> (artifact id: '7eeb33afab455405574962b42a297296') in 0.019506 seconds 
========================================================================
Received Import Request.
  Time since last request: 0.000026 seconds.
  path: Assets/Assets/UI Elements/White/2x/info.png
  artifactKey: Guid(dc13b944fb4f7fe4dbea810f96b0c01f) Importer(815301076,1909f56bfc062723c751e8b465ee728b)
Start importing Assets/Assets/UI Elements/White/2x/info.png using Guid(dc13b944fb4f7fe4dbea810f96b0c01f) Importer(815301076,1909f56bfc062723c751e8b465ee728b)  -> (artifact id: '9a036470aae3bca75d49e11604c6b5e6') in 0.174834 seconds 
========================================================================
Received Import Request.
  Time since last request: 0.000038 seconds.
  path: Assets/Assets/UI Elements/White/1x/BUtton B.png
  artifactKey: Guid(964431ef0f1cd0d44bedb70a01641458) Importer(815301076,1909f56bfc062723c751e8b465ee728b)
Start importing Assets/Assets/UI Elements/White/1x/BUtton B.png using Guid(964431ef0f1cd0d44bedb70a01641458) Importer(815301076,1909f56bfc062723c751e8b465ee728b)  -> (artifact id: 'dc5e620606c2e3a564ecd83a44404de4') in 0.206677 seconds 
========================================================================
Received Import Request.
  Time since last request: 0.000052 seconds.
  path: Assets/Assets/UI Elements/White/2x/sign2.png
  artifactKey: Guid(ce290ade0c4f8d146aaeef139b5bd62d) Importer(815301076,1909f56bfc062723c751e8b465ee728b)
Start importing Assets/Assets/UI Elements/White/2x/sign2.png using Guid(ce290ade0c4f8d146aaeef139b5bd62d) Importer(815301076,1909f56bfc062723c751e8b465ee728b)  -> (artifact id: '61efbb6c8bfc249ca2e630f57229fb1f') in 0.041325 seconds 
========================================================================
Received Import Request.
  Time since last request: 0.000026 seconds.
  path: Assets/Assets/UI Elements/White/2x/music off.png
  artifactKey: Guid(cd66867f62719cf478a3bd384c6e05dc) Importer(815301076,1909f56bfc062723c751e8b465ee728b)
Start importing Assets/Assets/UI Elements/White/2x/music off.png using Guid(cd66867f62719cf478a3bd384c6e05dc) Importer(815301076,1909f56bfc062723c751e8b465ee728b)  -> (artifact id: '4c576dc981b2e56d9d4921a89ffb68e3') in 0.027877 seconds 
========================================================================
Received Import Request.
  Time since last request: 0.000026 seconds.
  path: Assets/Assets/UI Elements/White/2x/left arrow.png
  artifactKey: Guid(43e9e9534dbced44d8adc26fb27a07c2) Importer(815301076,1909f56bfc062723c751e8b465ee728b)
Start importing Assets/Assets/UI Elements/White/2x/left arrow.png using Guid(43e9e9534dbced44d8adc26fb27a07c2) Importer(815301076,1909f56bfc062723c751e8b465ee728b)  -> (artifact id: '5af46996085990504a5e4570a567d2f6') in 0.077556 seconds 
========================================================================
Received Import Request.
  Time since last request: 0.000026 seconds.
  path: Assets/Assets/UI Elements/White/1x/mic on.png
  artifactKey: Guid(5e5ec5776ed884446a324f33e0242961) Importer(815301076,1909f56bfc062723c751e8b465ee728b)
Start importing Assets/Assets/UI Elements/White/1x/mic on.png using Guid(5e5ec5776ed884446a324f33e0242961) Importer(815301076,1909f56bfc062723c751e8b465ee728b)  -> (artifact id: 'fc555c9b333e0be31cf7a34fd745c0cb') in 0.111754 seconds 
========================================================================
Received Import Request.
  Time since last request: 0.000031 seconds.
  path: Assets/Assets/UI Elements/White/2x/cross.png
  artifactKey: Guid(ba819174422bfeb4bac57853e95cc8d2) Importer(815301076,1909f56bfc062723c751e8b465ee728b)
Start importing Assets/Assets/UI Elements/White/2x/cross.png using Guid(ba819174422bfeb4bac57853e95cc8d2) Importer(815301076,1909f56bfc062723c751e8b465ee728b)  -> (artifact id: 'a7eaac6ec07168e21886a66d017824af') in 0.092615 seconds 
========================================================================
Received Import Request.
  Time since last request: 0.000036 seconds.
  path: Assets/Assets/UI Elements/White/2x/left exit.png
  artifactKey: Guid(57648d64ce9e1604db37d0cd624c2346) Importer(815301076,1909f56bfc062723c751e8b465ee728b)
Start importing Assets/Assets/UI Elements/White/2x/left exit.png using Guid(57648d64ce9e1604db37d0cd624c2346) Importer(815301076,1909f56bfc062723c751e8b465ee728b)  -> (artifact id: 'f0b89b77fde72014beec7959a554287c') in 0.022866 seconds 
========================================================================
Received Import Request.
  Time since last request: 0.000028 seconds.
  path: Assets/Assets/UI Elements/White/1x/mic off.png
  artifactKey: Guid(27671c81aaafeea4a9f2bde0d18ddf92) Importer(815301076,1909f56bfc062723c751e8b465ee728b)
Start importing Assets/Assets/UI Elements/White/1x/mic off.png using Guid(27671c81aaafeea4a9f2bde0d18ddf92) Importer(815301076,1909f56bfc062723c751e8b465ee728b)  -> (artifact id: '366275aa2fc86866645e2976ccfe93a4') in 0.022389 seconds 
========================================================================
Received Import Request.
  Time since last request: 0.000021 seconds.
  path: Assets/Assets/UI Elements/White/1x/menu1.png
  artifactKey: Guid(ba0998b69bda33642b0aeccfb88745ef) Importer(815301076,1909f56bfc062723c751e8b465ee728b)
Start importing Assets/Assets/UI Elements/White/1x/menu1.png using Guid(ba0998b69bda33642b0aeccfb88745ef) Importer(815301076,1909f56bfc062723c751e8b465ee728b)  -> (artifact id: '33eb0665567450889194c1cffc33e1be') in 0.086472 seconds 
========================================================================
Received Import Request.
  Time since last request: 0.000036 seconds.
  path: Assets/Assets/UI Elements/White/1x/down arrow.png
  artifactKey: Guid(b6fcb67aab932ab47845505c9a99494c) Importer(815301076,1909f56bfc062723c751e8b465ee728b)
Start importing Assets/Assets/UI Elements/White/1x/down arrow.png using Guid(b6fcb67aab932ab47845505c9a99494c) Importer(815301076,1909f56bfc062723c751e8b465ee728b)  -> (artifact id: 'a735d340b06b9a0614902a4fe047bc62') in 0.077690 seconds 
========================================================================
Received Import Request.
  Time since last request: 0.000038 seconds.
  path: Assets/Assets/UI Elements/White/1x/lock.png
  artifactKey: Guid(8714e2d47c8e4ca48adda165fee501f1) Importer(815301076,1909f56bfc062723c751e8b465ee728b)
Start importing Assets/Assets/UI Elements/White/1x/lock.png using Guid(8714e2d47c8e4ca48adda165fee501f1) Importer(815301076,1909f56bfc062723c751e8b465ee728b)  -> (artifact id: 'ff4e867cdefdaf5048f65082f60805f4') in 0.117438 seconds 
========================================================================
Received Import Request.
  Time since last request: 0.000030 seconds.
  path: Assets/Assets/UI Elements/White/1x/menu2.png
  artifactKey: Guid(fd2a1fb3e51510049945a1f359a4ccba) Importer(815301076,1909f56bfc062723c751e8b465ee728b)
Start importing Assets/Assets/UI Elements/White/1x/menu2.png using Guid(fd2a1fb3e51510049945a1f359a4ccba) Importer(815301076,1909f56bfc062723c751e8b465ee728b)  -> (artifact id: '062f2e9aa2b8ef812f966459425b1f34') in 0.140238 seconds 
========================================================================
Received Import Request.
  Time since last request: 0.000033 seconds.
  path: Assets/Assets/UI Elements/White/1x/sign1.png
  artifactKey: Guid(ca18070b4f83798478d5f9270d697d09) Importer(815301076,1909f56bfc062723c751e8b465ee728b)
Start importing Assets/Assets/UI Elements/White/1x/sign1.png using Guid(ca18070b4f83798478d5f9270d697d09) Importer(815301076,1909f56bfc062723c751e8b465ee728b)  -> (artifact id: '9546aecc31972fae8872d83082e0df6d') in 0.190039 seconds 
========================================================================
Received Import Request.
  Time since last request: 0.000033 seconds.
  path: Assets/Assets/UI Elements/White/2x/left.png
  artifactKey: Guid(ebd50b12e871e0142afe371f911d8eb2) Importer(815301076,1909f56bfc062723c751e8b465ee728b)
Start importing Assets/Assets/UI Elements/White/2x/left.png using Guid(ebd50b12e871e0142afe371f911d8eb2) Importer(815301076,1909f56bfc062723c751e8b465ee728b)  -> (artifact id: '4c2f37d7d25c620e51ed1b96c460b84b') in 0.026733 seconds 
========================================================================
Received Import Request.
  Time since last request: 0.000030 seconds.
  path: Assets/Assets/UI Elements/White/1x/left arrow.png
  artifactKey: Guid(a8c156df7e42dfd40a0af3ae927e559c) Importer(815301076,1909f56bfc062723c751e8b465ee728b)
Start importing Assets/Assets/UI Elements/White/1x/left arrow.png using Guid(a8c156df7e42dfd40a0af3ae927e559c) Importer(815301076,1909f56bfc062723c751e8b465ee728b)  -> (artifact id: 'b0a937aa91ec91efc3e577d29ca77a3f') in 0.019411 seconds 
========================================================================
Received Import Request.
  Time since last request: 0.000025 seconds.
  path: Assets/Assets/UI Elements/White/1x/right.png
  artifactKey: Guid(b0325800c9b52704ab3193529a278ab6) Importer(815301076,1909f56bfc062723c751e8b465ee728b)
Start importing Assets/Assets/UI Elements/White/1x/right.png using Guid(b0325800c9b52704ab3193529a278ab6) Importer(815301076,1909f56bfc062723c751e8b465ee728b)  -> (artifact id: '9c2247179fcd56cbcadf355f7d18bbf6') in 0.130942 seconds 
========================================================================
Received Import Request.
  Time since last request: 0.000041 seconds.
  path: Assets/Assets/UI Elements/White/1x/info.png
  artifactKey: Guid(953e21da8e9ad1f4c9df15470e4856d2) Importer(815301076,1909f56bfc062723c751e8b465ee728b)
Start importing Assets/Assets/UI Elements/White/1x/info.png using Guid(953e21da8e9ad1f4c9df15470e4856d2) Importer(815301076,1909f56bfc062723c751e8b465ee728b)  -> (artifact id: 'c300a2a70d7ee5970e0cd22aa67e807f') in 0.138158 seconds 
========================================================================
Received Import Request.
  Time since last request: 0.000048 seconds.
  path: Assets/Assets/UI Elements/White/1x/share.png
  artifactKey: Guid(79203e86ffda6904cb5ed1ea84b589b0) Importer(815301076,1909f56bfc062723c751e8b465ee728b)
Start importing Assets/Assets/UI Elements/White/1x/share.png using Guid(79203e86ffda6904cb5ed1ea84b589b0) Importer(815301076,1909f56bfc062723c751e8b465ee728b)  -> (artifact id: 'b58434d7e1c5aaaf82273d654529c9bf') in 0.023696 seconds 
========================================================================
Received Import Request.
  Time since last request: 0.000027 seconds.
  path: Assets/Assets/UI Elements/White/1x/noet-west arrow.png
  artifactKey: Guid(780e6142b43458e429a524d6d0a9b6d2) Importer(815301076,1909f56bfc062723c751e8b465ee728b)
Start importing Assets/Assets/UI Elements/White/1x/noet-west arrow.png using Guid(780e6142b43458e429a524d6d0a9b6d2) Importer(815301076,1909f56bfc062723c751e8b465ee728b)  -> (artifact id: '0595e8c9ec803c89c5fde392daeff598') in 0.077005 seconds 
========================================================================
Received Import Request.
  Time since last request: 0.000029 seconds.
  path: Assets/Assets/UI Elements/White/2x/backward.png
  artifactKey: Guid(2218ff1a2c15d104e873b8dee7545bd3) Importer(815301076,1909f56bfc062723c751e8b465ee728b)
Start importing Assets/Assets/UI Elements/White/2x/backward.png using Guid(2218ff1a2c15d104e873b8dee7545bd3) Importer(815301076,1909f56bfc062723c751e8b465ee728b)  -> (artifact id: '23b55585184324ab7d2bb89985682c6e') in 0.019987 seconds 
========================================================================
Received Import Request.
  Time since last request: 0.000020 seconds.
  path: Assets/Assets/UI Elements/White/2x/forward.png
  artifactKey: Guid(bddae3aceb3c720438ba301940cc6358) Importer(815301076,1909f56bfc062723c751e8b465ee728b)
Start importing Assets/Assets/UI Elements/White/2x/forward.png using Guid(bddae3aceb3c720438ba301940cc6358) Importer(815301076,1909f56bfc062723c751e8b465ee728b)  -> (artifact id: 'f3a7fc7bb83bc2f88fd7618eb330d985') in 0.019079 seconds 
========================================================================
Received Import Request.
  Time since last request: 0.000032 seconds.
  path: Assets/Assets/UI Elements/White/1x/down.png
  artifactKey: Guid(156f9a19ef4181a49aff23aa6981effe) Importer(815301076,1909f56bfc062723c751e8b465ee728b)
Start importing Assets/Assets/UI Elements/White/1x/down.png using Guid(156f9a19ef4181a49aff23aa6981effe) Importer(815301076,1909f56bfc062723c751e8b465ee728b)  -> (artifact id: '2ac1d8858e48f47717cc820d8e0de20a') in 0.116494 seconds 
========================================================================
Received Import Request.
  Time since last request: 0.000043 seconds.
  path: Assets/Assets/UI Elements/White/2x/north-west arrow.png
  artifactKey: Guid(4a689ccf98ca4004ca5ea5857a3ee932) Importer(815301076,1909f56bfc062723c751e8b465ee728b)
Start importing Assets/Assets/UI Elements/White/2x/north-west arrow.png using Guid(4a689ccf98ca4004ca5ea5857a3ee932) Importer(815301076,1909f56bfc062723c751e8b465ee728b)  -> (artifact id: 'a1d20bfece1eb22610a2b7d422948cf1') in 0.020075 seconds 
========================================================================
Received Import Request.
  Time since last request: 0.000046 seconds.
  path: Assets/Assets/UI Elements/White/2x/sign1.png
  artifactKey: Guid(aa71daf2bdaf98f4294b307607c548cb) Importer(815301076,1909f56bfc062723c751e8b465ee728b)
Start importing Assets/Assets/UI Elements/White/2x/sign1.png using Guid(aa71daf2bdaf98f4294b307607c548cb) Importer(815301076,1909f56bfc062723c751e8b465ee728b)  -> (artifact id: '5e8f36d03c4ab2f24d75b64650ceeb8d') in 0.019594 seconds 
========================================================================
Received Import Request.
  Time since last request: 0.000024 seconds.
  path: Assets/Assets/UI Elements/White/1x/exit right.png
  artifactKey: Guid(e11d3330e5e316e43b980432fab67f97) Importer(815301076,1909f56bfc062723c751e8b465ee728b)
Start importing Assets/Assets/UI Elements/White/1x/exit right.png using Guid(e11d3330e5e316e43b980432fab67f97) Importer(815301076,1909f56bfc062723c751e8b465ee728b)  -> (artifact id: '7df8853126db95b1d72ea37b32b03cf3') in 0.150866 seconds 
========================================================================
Received Import Request.
  Time since last request: 0.000026 seconds.
  path: Assets/Assets/UI Elements/White/1x/music on.png
  artifactKey: Guid(b0c3e53b408282f4288abf14cb70c14a) Importer(815301076,1909f56bfc062723c751e8b465ee728b)
Start importing Assets/Assets/UI Elements/White/1x/music on.png using Guid(b0c3e53b408282f4288abf14cb70c14a) Importer(815301076,1909f56bfc062723c751e8b465ee728b)  -> (artifact id: '7bf58417dec681bb5426868d04397326') in 0.022490 seconds 
========================================================================
Received Import Request.
  Time since last request: 0.000024 seconds.
  path: Assets/Assets/UI Elements/White/1x/north-east arrow.png
  artifactKey: Guid(c093ba7d3e53324499e637b60c654ff5) Importer(815301076,1909f56bfc062723c751e8b465ee728b)
Start importing Assets/Assets/UI Elements/White/1x/north-east arrow.png using Guid(c093ba7d3e53324499e637b60c654ff5) Importer(815301076,1909f56bfc062723c751e8b465ee728b)  -> (artifact id: '4d11ec4d72eb2a4d47b722d75e1ce8a3') in 0.088846 seconds 
========================================================================
Received Import Request.
  Time since last request: 0.000043 seconds.
  path: Assets/Assets/UI Elements/White/1x/up arrow.png
  artifactKey: Guid(c356d10b4a98a33448a9da4bb7bc4990) Importer(815301076,1909f56bfc062723c751e8b465ee728b)
Start importing Assets/Assets/UI Elements/White/1x/up arrow.png using Guid(c356d10b4a98a33448a9da4bb7bc4990) Importer(815301076,1909f56bfc062723c751e8b465ee728b)  -> (artifact id: '204a6ef1e4cf7b7c0a29460704592d65') in 0.021129 seconds 
========================================================================
Received Import Request.
  Time since last request: 0.000029 seconds.
  path: Assets/Assets/UI Elements/White/2x/menu1.png
  artifactKey: Guid(17763da94fa23f84784caa26666b006c) Importer(815301076,1909f56bfc062723c751e8b465ee728b)
Start importing Assets/Assets/UI Elements/White/2x/menu1.png using Guid(17763da94fa23f84784caa26666b006c) Importer(815301076,1909f56bfc062723c751e8b465ee728b)  -> (artifact id: '14eb25cad17a2d4109fd9b171e9ff7ed') in 0.140377 seconds 
========================================================================
Received Import Request.
  Time since last request: 0.000023 seconds.
  path: Assets/Assets/UI Elements/White/2x/menu2.png
  artifactKey: Guid(3bad5fd713d2d0642855514472e08c80) Importer(815301076,1909f56bfc062723c751e8b465ee728b)
Start importing Assets/Assets/UI Elements/White/2x/menu2.png using Guid(3bad5fd713d2d0642855514472e08c80) Importer(815301076,1909f56bfc062723c751e8b465ee728b)  -> (artifact id: 'c8afae165aa1ce0b59a048e1023361d6') in 0.073579 seconds 
========================================================================
Received Import Request.
  Time since last request: 0.000028 seconds.
  path: Assets/Assets/UI Elements/White/1x/star.png
  artifactKey: Guid(929b54ef59aaeba4a9807a6ef928457b) Importer(815301076,1909f56bfc062723c751e8b465ee728b)
Start importing Assets/Assets/UI Elements/White/1x/star.png using Guid(929b54ef59aaeba4a9807a6ef928457b) Importer(815301076,1909f56bfc062723c751e8b465ee728b)  -> (artifact id: '9cb90b86e8e664c9c996de526e106d3b') in 0.018315 seconds 
========================================================================
Received Import Request.
  Time since last request: 0.000038 seconds.
  path: Assets/Assets/UI Elements/White/2x/yes-tic.png
  artifactKey: Guid(54170754f62f077438faab9a4362bc46) Importer(815301076,1909f56bfc062723c751e8b465ee728b)
Start importing Assets/Assets/UI Elements/White/2x/yes-tic.png using Guid(54170754f62f077438faab9a4362bc46) Importer(815301076,1909f56bfc062723c751e8b465ee728b)  -> (artifact id: 'd84dfcaf319892a4f8dc64a45a7bbec7') in 0.063894 seconds 
========================================================================
Received Import Request.
  Time since last request: 0.000019 seconds.
  path: Assets/Assets/UI Elements/White/1x/home.png
  artifactKey: Guid(dc4bc33d52db40c42bcafbcf6d63ca8a) Importer(815301076,1909f56bfc062723c751e8b465ee728b)
Start importing Assets/Assets/UI Elements/White/1x/home.png using Guid(dc4bc33d52db40c42bcafbcf6d63ca8a) Importer(815301076,1909f56bfc062723c751e8b465ee728b)  -> (artifact id: 'f22773d0f9d6f7578318dac463bb5ca7') in 0.018878 seconds 
========================================================================
Received Import Request.
  Time since last request: 0.000027 seconds.
  path: Assets/Assets/UI Elements/White/2x/down.png
  artifactKey: Guid(3acd8d445bc88f547a8d43d9bd313ccf) Importer(815301076,1909f56bfc062723c751e8b465ee728b)
Start importing Assets/Assets/UI Elements/White/2x/down.png using Guid(3acd8d445bc88f547a8d43d9bd313ccf) Importer(815301076,1909f56bfc062723c751e8b465ee728b)  -> (artifact id: '610bf529cc3106f60eb0f8a45ddf79c4') in 0.019744 seconds 
========================================================================
Received Import Request.
  Time since last request: 0.000024 seconds.
  path: Assets/Assets/UI Elements/White/1x/BUtton A.png
  artifactKey: Guid(f17215db0638a0944ae774ad4f93932c) Importer(815301076,1909f56bfc062723c751e8b465ee728b)
Start importing Assets/Assets/UI Elements/White/1x/BUtton A.png using Guid(f17215db0638a0944ae774ad4f93932c) Importer(815301076,1909f56bfc062723c751e8b465ee728b)  -> (artifact id: 'f324019e10c11229936176169059e3d7') in 0.102965 seconds 
========================================================================
Received Import Request.
  Time since last request: 0.000033 seconds.
  path: Assets/Assets/UI Elements/White/1x/right arrow.png
  artifactKey: Guid(fe6e0fd0ac93828439541c5caafa41b5) Importer(815301076,1909f56bfc062723c751e8b465ee728b)
Start importing Assets/Assets/UI Elements/White/1x/right arrow.png using Guid(fe6e0fd0ac93828439541c5caafa41b5) Importer(815301076,1909f56bfc062723c751e8b465ee728b)  -> (artifact id: '8e369adf0c1c0db6c91573d338e663fb') in 0.147916 seconds 
========================================================================
Received Import Request.
  Time since last request: 0.000022 seconds.
  path: Assets/Assets/UI Elements/White/1x/camera.png
  artifactKey: Guid(6218d182ea182704fb1261ea2fd211b4) Importer(815301076,1909f56bfc062723c751e8b465ee728b)
Start importing Assets/Assets/UI Elements/White/1x/camera.png using Guid(6218d182ea182704fb1261ea2fd211b4) Importer(815301076,1909f56bfc062723c751e8b465ee728b)  -> (artifact id: '4d4ae66f6bf1029f6c3ab968f32f2614') in 0.110619 seconds 
========================================================================
Received Import Request.
  Time since last request: 0.096370 seconds.
  path: Assets/Assets/UI Elements/White/2x/gamepad2.png
  artifactKey: Guid(7482011f1dca20147b563b7b564eb262) Importer(815301076,1909f56bfc062723c751e8b465ee728b)
Start importing Assets/Assets/UI Elements/White/2x/gamepad2.png using Guid(7482011f1dca20147b563b7b564eb262) Importer(815301076,1909f56bfc062723c751e8b465ee728b)  -> (artifact id: '56e54894818d0a6a8ab05739b92e8986') in 0.077604 seconds 
========================================================================
Received Import Request.
  Time since last request: 0.000039 seconds.
  path: Assets/Assets/UI Elements/White/2x/Button B.png
  artifactKey: Guid(54240df153d2a504c881cd6d40d2b829) Importer(815301076,1909f56bfc062723c751e8b465ee728b)
Start importing Assets/Assets/UI Elements/White/2x/Button B.png using Guid(54240df153d2a504c881cd6d40d2b829) Importer(815301076,1909f56bfc062723c751e8b465ee728b)  -> (artifact id: 'bdd6e4bc27295a813d3167922acf2440') in 0.020431 seconds 
========================================================================
Received Prepare
Registering precompiled user dll's ...
Registered in 0.007633 seconds.
Begin MonoManager ReloadAssembly
Symbol file LoadedFromMemory doesn't match image C:\Users\540606\Downloads\2D-RPG1--Full_Room-main\Library\PackageCache\com.unity.visualscripting@1.7.8\Editor\VisualScripting.Core\Dependencies\YamlDotNet\Unity.VisualScripting.YamlDotNet.dll
Symbol file LoadedFromMemory doesn't match image C:\Users\540606\Downloads\2D-RPG1--Full_Room-main\Library\PackageCache\com.unity.visualscripting@1.7.8\Editor\VisualScripting.Core\Dependencies\DotNetZip\Unity.VisualScripting.IonicZip.dll
Native extension for UWP target not found
Native extension for LinuxStandalone target not found
Native extension for WindowsStandalone target not found
Native extension for AppleTV target not found
Native extension for iOS target not found
Native extension for Android target not found
Native extension for OSXStandalone target not found
Native extension for WebGL target not found
Refreshing native plugins compatible for Editor in 0.91 ms, found 3 plugins.
Preloading 0 native plugins for Editor in 0.00 ms.
Mono: successfully reloaded assembly
- Completed reload, in  1.234 seconds
Domain Reload Profiling:
	ReloadAssembly (1235ms)
		BeginReloadAssembly (198ms)
			ExecutionOrderSort (0ms)
			DisableScriptedObjects (6ms)
			BackupInstance (0ms)
			ReleaseScriptingObjects (0ms)
			CreateAndSetChildDomain (55ms)
		EndReloadAssembly (924ms)
			LoadAssemblies (136ms)
			RebuildTransferFunctionScriptingTraits (0ms)
			SetupTypeCache (283ms)
				TypeCache.Initialize (278ms)
					TypeCache.ScanAssembly (269ms)
				ResolveRequiredComponents (5ms)
			ReleaseScriptCaches (2ms)
			RebuildScriptCaches (52ms)
			SetupLoadedEditorAssemblies (423ms)
				LogAssemblyErrors (0ms)
				InitializePlatformSupportModulesInManaged (54ms)
				SetLoadedEditorAssemblies (6ms)
				RefreshPlugins (1ms)
				BeforeProcessingInitializeOnLoad (80ms)
				ProcessInitializeOnLoadAttributes (231ms)
				ProcessInitializeOnLoadMethodAttributes (34ms)
				AfterProcessingInitializeOnLoad (16ms)
				EditorAssembliesLoaded (0ms)
			ExecutionOrderSort2 (0ms)
			AwakeInstancesAfterBackupRestoration (6ms)
Platform modules already initialized, skipping
Refreshing native plugins compatible for Editor in 3.38 ms, found 3 plugins.
Preloading 0 native plugins for Editor in 0.00 ms.
Unloading 3591 Unused Serialized files (Serialized files now loaded: 0)
Unloading 32 unused Assets / (0.7 MB). Loaded Objects now: 4203.
Memory consumption went from 0.55 GB to 0.54 GB.
Total: 5.104800 ms (FindLiveObjects: 0.573900 ms CreateObjectMapping: 0.132200 ms MarkObjects: 3.885000 ms  DeleteObjects: 0.512600 ms)

AssetImportParameters requested are different than current active one (requested -> active):
  custom:video-decoder-ogg-theora: a1e56fd34408186e4bbccfd4996cb3dc -> 
  custom:container-muxer-webm: aa71ff27fc2769a1b78a27578f13a17b -> 
  custom:container-demuxer-webm: 4f35f7cbe854078d1ac9338744f61a02 -> 
  custom:video-encoder-webm-vp8: eb34c28f22e8b96e1ab97ce403110664 -> 
  custom:audio-encoder-webm-vorbis: bf7c407c2cedff20999df2af8eb42d56 -> 
  custom:framework-win-MediaFoundation: 216162199b28c13a410421893ffa2e32 -> 
  custom:container-demuxer-ogg: 62fdf1f143b41e24485cea50d1cbac27 -> 
  custom:video-decoder-webm-vp8: 9c59270c3fd7afecdb556c50c9e8de78 -> 
  custom:audio-decoder-ogg-vorbis: bf7c407c2cedff20999df2af8eb42d56 -> 
========================================================================
Received Prepare
Registering precompiled user dll's ...
Registered in 0.007457 seconds.
Begin MonoManager ReloadAssembly
Symbol file LoadedFromMemory doesn't match image C:\Users\540606\Downloads\2D-RPG1--Full_Room-main\Library\PackageCache\com.unity.visualscripting@1.7.8\Editor\VisualScripting.Core\Dependencies\YamlDotNet\Unity.VisualScripting.YamlDotNet.dll
Symbol file LoadedFromMemory doesn't match image C:\Users\540606\Downloads\2D-RPG1--Full_Room-main\Library\PackageCache\com.unity.visualscripting@1.7.8\Editor\VisualScripting.Core\Dependencies\DotNetZip\Unity.VisualScripting.IonicZip.dll
Native extension for UWP target not found
Native extension for LinuxStandalone target not found
Native extension for WindowsStandalone target not found
Native extension for AppleTV target not found
Native extension for iOS target not found
Native extension for Android target not found
Native extension for OSXStandalone target not found
Native extension for WebGL target not found
Refreshing native plugins compatible for Editor in 0.73 ms, found 3 plugins.
Preloading 0 native plugins for Editor in 0.00 ms.
Mono: successfully reloaded assembly
- Completed reload, in  1.135 seconds
Domain Reload Profiling:
	ReloadAssembly (1136ms)
		BeginReloadAssembly (156ms)
			ExecutionOrderSort (0ms)
			DisableScriptedObjects (5ms)
			BackupInstance (0ms)
			ReleaseScriptingObjects (0ms)
			CreateAndSetChildDomain (48ms)
		EndReloadAssembly (870ms)
			LoadAssemblies (102ms)
			RebuildTransferFunctionScriptingTraits (0ms)
			SetupTypeCache (247ms)
				TypeCache.Initialize (236ms)
					TypeCache.ScanAssembly (230ms)
				ResolveRequiredComponents (11ms)
			ReleaseScriptCaches (2ms)
			RebuildScriptCaches (57ms)
			SetupLoadedEditorAssemblies (404ms)
				LogAssemblyErrors (0ms)
				InitializePlatformSupportModulesInManaged (43ms)
				SetLoadedEditorAssemblies (6ms)
				RefreshPlugins (1ms)
				BeforeProcessingInitializeOnLoad (75ms)
				ProcessInitializeOnLoadAttributes (233ms)
				ProcessInitializeOnLoadMethodAttributes (31ms)
				AfterProcessingInitializeOnLoad (15ms)
				EditorAssembliesLoaded (0ms)
			ExecutionOrderSort2 (0ms)
			AwakeInstancesAfterBackupRestoration (8ms)
Platform modules already initialized, skipping
Refreshing native plugins compatible for Editor in 2.71 ms, found 3 plugins.
Preloading 0 native plugins for Editor in 0.00 ms.
Unloading 3591 Unused Serialized files (Serialized files now loaded: 0)
Unloading 32 unused Assets / (0.8 MB). Loaded Objects now: 4218.
Memory consumption went from 0.55 GB to 0.54 GB.
Total: 5.194200 ms (FindLiveObjects: 0.654400 ms CreateObjectMapping: 0.146200 ms MarkObjects: 3.825000 ms  DeleteObjects: 0.566700 ms)

AssetImportParameters requested are different than current active one (requested -> active):
  custom:video-decoder-ogg-theora: a1e56fd34408186e4bbccfd4996cb3dc -> 
  custom:container-muxer-webm: aa71ff27fc2769a1b78a27578f13a17b -> 
  custom:container-demuxer-webm: 4f35f7cbe854078d1ac9338744f61a02 -> 
  custom:video-encoder-webm-vp8: eb34c28f22e8b96e1ab97ce403110664 -> 
  custom:audio-encoder-webm-vorbis: bf7c407c2cedff20999df2af8eb42d56 -> 
  custom:framework-win-MediaFoundation: 216162199b28c13a410421893ffa2e32 -> 
  custom:container-demuxer-ogg: 62fdf1f143b41e24485cea50d1cbac27 -> 
  custom:video-decoder-webm-vp8: 9c59270c3fd7afecdb556c50c9e8de78 -> 
  custom:audio-decoder-ogg-vorbis: bf7c407c2cedff20999df2af8eb42d56 -> 
========================================================================
Received Prepare
Registering precompiled user dll's ...
Registered in 0.009445 seconds.
Begin MonoManager ReloadAssembly
Symbol file LoadedFromMemory doesn't match image C:\Users\540606\Downloads\2D-RPG1--Full_Room-main\Library\PackageCache\com.unity.visualscripting@1.7.8\Editor\VisualScripting.Core\Dependencies\YamlDotNet\Unity.VisualScripting.YamlDotNet.dll
Symbol file LoadedFromMemory doesn't match image C:\Users\540606\Downloads\2D-RPG1--Full_Room-main\Library\PackageCache\com.unity.visualscripting@1.7.8\Editor\VisualScripting.Core\Dependencies\DotNetZip\Unity.VisualScripting.IonicZip.dll
Native extension for UWP target not found
Native extension for LinuxStandalone target not found
Native extension for WindowsStandalone target not found
Native extension for AppleTV target not found
Native extension for iOS target not found
Native extension for Android target not found
Native extension for OSXStandalone target not found
Native extension for WebGL target not found
Refreshing native plugins compatible for Editor in 1.01 ms, found 3 plugins.
Preloading 0 native plugins for Editor in 0.00 ms.
Mono: successfully reloaded assembly
- Completed reload, in  1.109 seconds
Domain Reload Profiling:
	ReloadAssembly (1110ms)
		BeginReloadAssembly (142ms)
			ExecutionOrderSort (0ms)
			DisableScriptedObjects (6ms)
			BackupInstance (0ms)
			ReleaseScriptingObjects (0ms)
			CreateAndSetChildDomain (38ms)
		EndReloadAssembly (861ms)
			LoadAssemblies (100ms)
			RebuildTransferFunctionScriptingTraits (0ms)
			SetupTypeCache (254ms)
				TypeCache.Initialize (249ms)
					TypeCache.ScanAssembly (243ms)
				ResolveRequiredComponents (5ms)
			ReleaseScriptCaches (3ms)
			RebuildScriptCaches (45ms)
			SetupLoadedEditorAssemblies (409ms)
				LogAssemblyErrors (0ms)
				InitializePlatformSupportModulesInManaged (48ms)
				SetLoadedEditorAssemblies (7ms)
				RefreshPlugins (1ms)
				BeforeProcessingInitializeOnLoad (76ms)
				ProcessInitializeOnLoadAttributes (230ms)
				ProcessInitializeOnLoadMethodAttributes (32ms)
				AfterProcessingInitializeOnLoad (15ms)
				EditorAssembliesLoaded (0ms)
			ExecutionOrderSort2 (0ms)
			AwakeInstancesAfterBackupRestoration (6ms)
Platform modules already initialized, skipping
Refreshing native plugins compatible for Editor in 2.18 ms, found 3 plugins.
Preloading 0 native plugins for Editor in 0.00 ms.
Unloading 3591 Unused Serialized files (Serialized files now loaded: 0)
Unloading 32 unused Assets / (0.8 MB). Loaded Objects now: 4233.
Memory consumption went from 0.55 GB to 0.54 GB.
Total: 4.803300 ms (FindLiveObjects: 0.427300 ms CreateObjectMapping: 0.086900 ms MarkObjects: 3.859800 ms  DeleteObjects: 0.427800 ms)

AssetImportParameters requested are different than current active one (requested -> active):
  custom:video-decoder-ogg-theora: a1e56fd34408186e4bbccfd4996cb3dc -> 
  custom:container-muxer-webm: aa71ff27fc2769a1b78a27578f13a17b -> 
  custom:container-demuxer-webm: 4f35f7cbe854078d1ac9338744f61a02 -> 
  custom:video-encoder-webm-vp8: eb34c28f22e8b96e1ab97ce403110664 -> 
  custom:audio-encoder-webm-vorbis: bf7c407c2cedff20999df2af8eb42d56 -> 
  custom:framework-win-MediaFoundation: 216162199b28c13a410421893ffa2e32 -> 
  custom:container-demuxer-ogg: 62fdf1f143b41e24485cea50d1cbac27 -> 
  custom:video-decoder-webm-vp8: 9c59270c3fd7afecdb556c50c9e8de78 -> 
  custom:audio-decoder-ogg-vorbis: bf7c407c2cedff20999df2af8eb42d56 -> 
========================================================================
Received Prepare
Registering precompiled user dll's ...
Registered in 0.008985 seconds.
Begin MonoManager ReloadAssembly
Symbol file LoadedFromMemory doesn't match image C:\Users\540606\Downloads\2D-RPG1--Full_Room-main\Library\PackageCache\com.unity.visualscripting@1.7.8\Editor\VisualScripting.Core\Dependencies\YamlDotNet\Unity.VisualScripting.YamlDotNet.dll
Symbol file LoadedFromMemory doesn't match image C:\Users\540606\Downloads\2D-RPG1--Full_Room-main\Library\PackageCache\com.unity.visualscripting@1.7.8\Editor\VisualScripting.Core\Dependencies\DotNetZip\Unity.VisualScripting.IonicZip.dll
Native extension for UWP target not found
Native extension for LinuxStandalone target not found
Native extension for WindowsStandalone target not found
Native extension for AppleTV target not found
Native extension for iOS target not found
Native extension for Android target not found
Native extension for OSXStandalone target not found
Native extension for WebGL target not found
Refreshing native plugins compatible for Editor in 1.02 ms, found 3 plugins.
Preloading 0 native plugins for Editor in 0.00 ms.
Mono: successfully reloaded assembly
- Completed reload, in  1.097 seconds
Domain Reload Profiling:
	ReloadAssembly (1098ms)
		BeginReloadAssembly (144ms)
			ExecutionOrderSort (0ms)
			DisableScriptedObjects (6ms)
			BackupInstance (0ms)
			ReleaseScriptingObjects (0ms)
			CreateAndSetChildDomain (40ms)
		EndReloadAssembly (851ms)
			LoadAssemblies (100ms)
			RebuildTransferFunctionScriptingTraits (0ms)
			SetupTypeCache (239ms)
				TypeCache.Initialize (229ms)
					TypeCache.ScanAssembly (223ms)
				ResolveRequiredComponents (10ms)
			ReleaseScriptCaches (2ms)
			RebuildScriptCaches (52ms)
			SetupLoadedEditorAssemblies (402ms)
				LogAssemblyErrors (0ms)
				InitializePlatformSupportModulesInManaged (48ms)
				SetLoadedEditorAssemblies (7ms)
				RefreshPlugins (1ms)
				BeforeProcessingInitializeOnLoad (72ms)
				ProcessInitializeOnLoadAttributes (227ms)
				ProcessInitializeOnLoadMethodAttributes (31ms)
				AfterProcessingInitializeOnLoad (15ms)
				EditorAssembliesLoaded (0ms)
			ExecutionOrderSort2 (0ms)
			AwakeInstancesAfterBackupRestoration (6ms)
Platform modules already initialized, skipping
Refreshing native plugins compatible for Editor in 2.39 ms, found 3 plugins.
Preloading 0 native plugins for Editor in 0.00 ms.
Unloading 3591 Unused Serialized files (Serialized files now loaded: 0)
Unloading 32 unused Assets / (0.8 MB). Loaded Objects now: 4248.
Memory consumption went from 0.55 GB to 0.54 GB.
Total: 4.050800 ms (FindLiveObjects: 0.531300 ms CreateObjectMapping: 0.111600 ms MarkObjects: 2.840400 ms  DeleteObjects: 0.565200 ms)

AssetImportParameters requested are different than current active one (requested -> active):
  custom:video-decoder-ogg-theora: a1e56fd34408186e4bbccfd4996cb3dc -> 
  custom:container-muxer-webm: aa71ff27fc2769a1b78a27578f13a17b -> 
  custom:container-demuxer-webm: 4f35f7cbe854078d1ac9338744f61a02 -> 
  custom:video-encoder-webm-vp8: eb34c28f22e8b96e1ab97ce403110664 -> 
  custom:audio-encoder-webm-vorbis: bf7c407c2cedff20999df2af8eb42d56 -> 
  custom:framework-win-MediaFoundation: 216162199b28c13a410421893ffa2e32 -> 
  custom:container-demuxer-ogg: 62fdf1f143b41e24485cea50d1cbac27 -> 
  custom:video-decoder-webm-vp8: 9c59270c3fd7afecdb556c50c9e8de78 -> 
  custom:audio-decoder-ogg-vorbis: bf7c407c2cedff20999df2af8eb42d56 -> 
========================================================================
Received Prepare
Registering precompiled user dll's ...
Registered in 0.007658 seconds.
Begin MonoManager ReloadAssembly
Symbol file LoadedFromMemory doesn't match image C:\Users\540606\Downloads\2D-RPG1--Full_Room-main\Library\PackageCache\com.unity.visualscripting@1.7.8\Editor\VisualScripting.Core\Dependencies\YamlDotNet\Unity.VisualScripting.YamlDotNet.dll
Symbol file LoadedFromMemory doesn't match image C:\Users\540606\Downloads\2D-RPG1--Full_Room-main\Library\PackageCache\com.unity.visualscripting@1.7.8\Editor\VisualScripting.Core\Dependencies\DotNetZip\Unity.VisualScripting.IonicZip.dll
Native extension for UWP target not found
Native extension for LinuxStandalone target not found
Native extension for WindowsStandalone target not found
Native extension for AppleTV target not found
Native extension for iOS target not found
Native extension for Android target not found
Native extension for OSXStandalone target not found
Native extension for WebGL target not found
Refreshing native plugins compatible for Editor in 0.99 ms, found 3 plugins.
Preloading 0 native plugins for Editor in 0.00 ms.
Mono: successfully reloaded assembly
- Completed reload, in  1.105 seconds
Domain Reload Profiling:
	ReloadAssembly (1106ms)
		BeginReloadAssembly (152ms)
			ExecutionOrderSort (0ms)
			DisableScriptedObjects (6ms)
			BackupInstance (0ms)
			ReleaseScriptingObjects (0ms)
			CreateAndSetChildDomain (42ms)
		EndReloadAssembly (834ms)
			LoadAssemblies (110ms)
			RebuildTransferFunctionScriptingTraits (0ms)
			SetupTypeCache (240ms)
				TypeCache.Initialize (235ms)
					TypeCache.ScanAssembly (228ms)
				ResolveRequiredComponents (5ms)
			ReleaseScriptCaches (2ms)
			RebuildScriptCaches (49ms)
			SetupLoadedEditorAssemblies (395ms)
				LogAssemblyErrors (0ms)
				InitializePlatformSupportModulesInManaged (44ms)
				SetLoadedEditorAssemblies (6ms)
				RefreshPlugins (1ms)
				BeforeProcessingInitializeOnLoad (77ms)
				ProcessInitializeOnLoadAttributes (221ms)
				ProcessInitializeOnLoadMethodAttributes (31ms)
				AfterProcessingInitializeOnLoad (15ms)
				EditorAssembliesLoaded (0ms)
			ExecutionOrderSort2 (0ms)
			AwakeInstancesAfterBackupRestoration (6ms)
Platform modules already initialized, skipping
Refreshing native plugins compatible for Editor in 2.06 ms, found 3 plugins.
Preloading 0 native plugins for Editor in 0.00 ms.
Unloading 3591 Unused Serialized files (Serialized files now loaded: 0)
Unloading 32 unused Assets / (0.8 MB). Loaded Objects now: 4263.
Memory consumption went from 0.55 GB to 0.54 GB.
Total: 4.423000 ms (FindLiveObjects: 0.437700 ms CreateObjectMapping: 0.097500 ms MarkObjects: 3.426800 ms  DeleteObjects: 0.459300 ms)

AssetImportParameters requested are different than current active one (requested -> active):
  custom:video-decoder-ogg-theora: a1e56fd34408186e4bbccfd4996cb3dc -> 
  custom:container-muxer-webm: aa71ff27fc2769a1b78a27578f13a17b -> 
  custom:container-demuxer-webm: 4f35f7cbe854078d1ac9338744f61a02 -> 
  custom:video-encoder-webm-vp8: eb34c28f22e8b96e1ab97ce403110664 -> 
  custom:audio-encoder-webm-vorbis: bf7c407c2cedff20999df2af8eb42d56 -> 
  custom:framework-win-MediaFoundation: 216162199b28c13a410421893ffa2e32 -> 
  custom:container-demuxer-ogg: 62fdf1f143b41e24485cea50d1cbac27 -> 
  custom:video-decoder-webm-vp8: 9c59270c3fd7afecdb556c50c9e8de78 -> 
  custom:audio-decoder-ogg-vorbis: bf7c407c2cedff20999df2af8eb42d56 -> 
========================================================================
Received Prepare
Registering precompiled user dll's ...
Registered in 0.009388 seconds.
Begin MonoManager ReloadAssembly
Symbol file LoadedFromMemory doesn't match image C:\Users\540606\Downloads\2D-RPG1--Full_Room-main\Library\PackageCache\com.unity.visualscripting@1.7.8\Editor\VisualScripting.Core\Dependencies\YamlDotNet\Unity.VisualScripting.YamlDotNet.dll
Symbol file LoadedFromMemory doesn't match image C:\Users\540606\Downloads\2D-RPG1--Full_Room-main\Library\PackageCache\com.unity.visualscripting@1.7.8\Editor\VisualScripting.Core\Dependencies\DotNetZip\Unity.VisualScripting.IonicZip.dll
Native extension for UWP target not found
Native extension for LinuxStandalone target not found
Native extension for WindowsStandalone target not found
Native extension for AppleTV target not found
Native extension for iOS target not found
Native extension for Android target not found
Native extension for OSXStandalone target not found
Native extension for WebGL target not found
Refreshing native plugins compatible for Editor in 0.95 ms, found 3 plugins.
Preloading 0 native plugins for Editor in 0.00 ms.
Mono: successfully reloaded assembly
- Completed reload, in  1.147 seconds
Domain Reload Profiling:
	ReloadAssembly (1148ms)
		BeginReloadAssembly (142ms)
			ExecutionOrderSort (0ms)
			DisableScriptedObjects (5ms)
			BackupInstance (0ms)
			ReleaseScriptingObjects (0ms)
			CreateAndSetChildDomain (36ms)
		EndReloadAssembly (890ms)
			LoadAssemblies (105ms)
			RebuildTransferFunctionScriptingTraits (0ms)
			SetupTypeCache (243ms)
				TypeCache.Initialize (238ms)
					TypeCache.ScanAssembly (232ms)
				ResolveRequiredComponents (5ms)
			ReleaseScriptCaches (2ms)
			RebuildScriptCaches (60ms)
			SetupLoadedEditorAssemblies (414ms)
				LogAssemblyErrors (0ms)
				InitializePlatformSupportModulesInManaged (60ms)
				SetLoadedEditorAssemblies (7ms)
				RefreshPlugins (1ms)
				BeforeProcessingInitializeOnLoad (74ms)
				ProcessInitializeOnLoadAttributes (228ms)
				ProcessInitializeOnLoadMethodAttributes (32ms)
				AfterProcessingInitializeOnLoad (12ms)
				EditorAssembliesLoaded (0ms)
			ExecutionOrderSort2 (0ms)
			AwakeInstancesAfterBackupRestoration (6ms)
Platform modules already initialized, skipping
Refreshing native plugins compatible for Editor in 2.96 ms, found 3 plugins.
Preloading 0 native plugins for Editor in 0.00 ms.
Unloading 3591 Unused Serialized files (Serialized files now loaded: 0)
Unloading 32 unused Assets / (0.8 MB). Loaded Objects now: 4278.
Memory consumption went from 0.55 GB to 0.54 GB.
Total: 4.662000 ms (FindLiveObjects: 0.463100 ms CreateObjectMapping: 0.089800 ms MarkObjects: 3.644100 ms  DeleteObjects: 0.463800 ms)

AssetImportParameters requested are different than current active one (requested -> active):
  custom:video-decoder-ogg-theora: a1e56fd34408186e4bbccfd4996cb3dc -> 
  custom:container-muxer-webm: aa71ff27fc2769a1b78a27578f13a17b -> 
  custom:container-demuxer-webm: 4f35f7cbe854078d1ac9338744f61a02 -> 
  custom:video-encoder-webm-vp8: eb34c28f22e8b96e1ab97ce403110664 -> 
  custom:audio-encoder-webm-vorbis: bf7c407c2cedff20999df2af8eb42d56 -> 
  custom:framework-win-MediaFoundation: 216162199b28c13a410421893ffa2e32 -> 
  custom:container-demuxer-ogg: 62fdf1f143b41e24485cea50d1cbac27 -> 
  custom:video-decoder-webm-vp8: 9c59270c3fd7afecdb556c50c9e8de78 -> 
  custom:audio-decoder-ogg-vorbis: bf7c407c2cedff20999df2af8eb42d56 -> 
